<?xml version="1.0" encoding="UTF-8"?>
<!-- Generated by org.testng.reporters.JUnitReportReporter -->
<testsuite hostname="DESKTOP-ERNB189" failures="0" tests="1" name="TestPackage.Day1" time="0.028" errors="0" timestamp="2021-04-25T23:44:26 GMT-07:00" skipped="0">
  <testcase classname="TestPackage.Day1" name="demo1" time="0.028"/>
  <system-out/>
</testsuite> <!-- TestPackage.Day1 -->
