<?xml version="1.0" encoding="UTF-8"?>
<!-- Generated by org.testng.reporters.JUnitReportReporter -->
<testsuite hostname="DESKTOP-ERNB189" failures="0" tests="3" name="TestPackage.Day4" time="0.027" errors="0" timestamp="2021-04-25T23:44:26 GMT-07:00" skipped="0">
  <testcase classname="TestPackage.Day4" name="webloginHomeloan" time="0.004"/>
  <system-out/>
  <testcase classname="TestPackage.Day4" name="XoginAPILoan" time="0.014"/>
  <system-out/>
  <testcase classname="TestPackage.Day4" name="MobloginHomeloan" time="0.009"/>
  <system-out/>
</testsuite> <!-- TestPackage.Day4 -->
