<?xml version="1.0" encoding="UTF-8"?>
<!-- Generated by org.testng.reporters.JUnitReportReporter -->
<testsuite hostname="DESKTOP-ERNB189" failures="0" tests="6" name="TestPackage.Day3" time="0.104" errors="0" timestamp="2021-04-25T23:44:26 GMT-07:00" skipped="0">
  <testcase classname="TestPackage.Day3" name="Mobilelogicarloan" time="0.004"/>
  <system-out/>
  <testcase classname="TestPackage.Day3" name="MobileLoginAPCarLoan" time="0.021"/>
  <system-out/>
  <testcase classname="TestPackage.Day3" name="Mobilelogincarloan" time="0.017"/>
  <system-out/>
  <testcase classname="TestPackage.Day3" name="Mobilelogincarloan" time="0.024"/>
  <system-out/>
  <testcase classname="TestPackage.Day3" name="Mobilelogincarloan" time="0.013"/>
  <system-out/>
  <testcase classname="TestPackage.Day3" name="MobileLoginAPICarLoan" time="0.025"/>
  <system-out/>
</testsuite> <!-- TestPackage.Day3 -->
